#
# There is insufficient memory for the Java Runtime Environment to continue.
# Native memory allocation (mmap) failed to map 123731968 bytes for G1 virtual space
# Possible reasons:
#   The system is out of physical RAM or swap space
#   The process is running with CompressedOops enabled, and the Java Heap may be blocking the growth of the native heap
# Possible solutions:
#   Reduce memory load on the system
#   Increase physical memory or swap space
#   Check if swap backing store is full
#   Decrease Java heap size (-Xmx/-Xms)
#   Decrease number of Java threads
#   Decrease Java thread stack sizes (-Xss)
#   Set larger code cache with -XX:ReservedCodeCacheSize=
#   JVM is running with Unscaled Compressed Oops mode in which the Java heap is
#     placed in the first 4GB address space. The Java Heap base address is the
#     maximum limit for the native heap growth. Please use -XX:HeapBaseMinAddress
#     to set the Java Heap base and to place the Java Heap above 4GB virtual address.
# This output file may be truncated or incomplete.
#
#  Out of Memory Error (os_windows.cpp:3613), pid=28436, tid=28504
#
# JRE version:  (17.0.10+7) (build )
# Java VM: OpenJDK 64-Bit Server VM (17.0.10+7, mixed mode, sharing, tiered, compressed oops, compressed class ptrs, g1 gc, windows-amd64)
# No core dump will be written. Minidumps are not enabled by default on client versions of Windows
#

---------------  S U M M A R Y ------------

Command Line: -Dfile.encoding=UTF-8 -Dstdout.encoding=UTF-8 -Dstderr.encoding=UTF-8 -XX:+ShowCodeDetailsInExceptionMessages chatting.application.Server

Host: AMD Ryzen 5 5625U with Radeon Graphics         , 12 cores, 7G,  Windows 11 , 64 bit Build 22621 (10.0.22621.3672)
Time: Fri Jul  5 18:14:24 2024 India Standard Time elapsed time: 0.008944 seconds (0d 0h 0m 0s)

---------------  T H R E A D  ---------------

Current thread (0x0000021f2246bdb0):  JavaThread "Unknown thread" [_thread_in_vm, id=28504, stack(0x000000aa67f00000,0x000000aa68000000)]

Stack: [0x000000aa67f00000,0x000000aa68000000]
Native frames: (J=compiled Java code, j=interpreted, Vv=VM code, C=native code)
V  [jvm.dll+0x67d2c9]
V  [jvm.dll+0x834afa]
V  [jvm.dll+0x8365be]
V  [jvm.dll+0x836c23]
V  [jvm.dll+0x2477ff]
V  [jvm.dll+0x67a109]
V  [jvm.dll+0x66eb7a]
V  [jvm.dll+0x30764b]
V  [jvm.dll+0x30eaf6]
V  [jvm.dll+0x35e83e]
V  [jvm.dll+0x35ea6f]
V  [jvm.dll+0x2de248]
V  [jvm.dll+0x2df1b4]
V  [jvm.dll+0x806361]
V  [jvm.dll+0x36c6f1]
V  [jvm.dll+0x7e4e06]
V  [jvm.dll+0x3eff3f]
V  [jvm.dll+0x3f1b71]
C  [jli.dll+0x528f]
C  [ucrtbase.dll+0x29333]
C  [KERNEL32.DLL+0x1257d]
C  [ntdll.dll+0x5af28]


---------------  P R O C E S S  ---------------

Threads class SMR info:
_java_thread_list=0x00007ffe678cee98, length=0, elements={
}

Java Threads: ( => current thread )

Other Threads:
  0x0000021f224c3ac0 GCTaskThread "GC Thread#0" [stack: 0x000000aa68000000,0x000000aa68100000] [id=28508]
  0x0000021f224d3cf0 ConcurrentGCThread "G1 Main Marker" [stack: 0x000000aa68100000,0x000000aa68200000] [id=28512]
  0x0000021f224d4710 ConcurrentGCThread "G1 Conc#0" [stack: 0x000000aa68200000,0x000000aa68300000] [id=28516]

[error occurred during error reporting (printing all threads), id 0xc0000005, EXCEPTION_ACCESS_VIOLATION (0xc0000005) at pc=0x00007ffe6708ec87]

VM state: not at safepoint (not fully initialized)

VM Mutex/Monitor currently owned by a thread:  ([mutex/lock_event])
[0x0000021f22467880] Heap_lock - owner thread: 0x0000021f2246bdb0

Heap address: 0x000000008a600000, size: 1882 MB, Compressed Oops mode: 32-bit

CDS archive(s) mapped at: [0x0000000000000000-0x0000000000000000-0x0000000000000000), size 0, SharedBaseAddress: 0x0000000800000000, ArchiveRelocationMode: 1.
Narrow klass base: 0x0000000000000000, Narrow klass shift: 0, Narrow klass range: 0x0

GC Precious Log:
<Empty>

Heap:
 garbage-first heap   total 0K, used 0K [0x000000008a600000, 0x0000000100000000)
  region size 1024K, 0 young (0K), 0 survivors (0K)

[error occurred during error reporting (printing heap information), id 0xc0000005, EXCEPTION_ACCESS_VIOLATION (0xc0000005) at pc=0x00007ffe67476fb9]

GC Heap History (0 events):
No events

Dll operation events (1 events):
Event: 0.005 Loaded shared library C:\Users\Hp\.p2\pool\plugins\org.eclipse.justj.openjdk.hotspot.jre.full.win32.x86_64_17.0.10.v20240120-1143\jre\bin\java.dll

Deoptimization events (0 events):
No events

Classes unloaded (0 events):
No events

Classes redefined (0 events):
No events

Internal exceptions (0 events):
No events

VM Operations (0 events):
No events

Events (0 events):
No events


Dynamic libraries:
0x00007ff62f6f0000 - 0x00007ff62f6fe000 	C:\Users\Hp\.p2\pool\plugins\org.eclipse.justj.openjdk.hotspot.jre.full.win32.x86_64_17.0.10.v20240120-1143\jre\bin\javaw.exe
0x00007ffeb4970000 - 0x00007ffeb4b87000 	C:\windows\SYSTEM32\ntdll.dll
0x00007ffeb4330000 - 0x00007ffeb43f4000 	C:\windows\System32\KERNEL32.DLL
0x00007ffeb2020000 - 0x00007ffeb23cd000 	C:\windows\System32\KERNELBASE.dll
0x00007ffeb23d0000 - 0x00007ffeb24e1000 	C:\windows\System32\ucrtbase.dll
0x00007ffea8920000 - 0x00007ffea8937000 	C:\Users\Hp\.p2\pool\plugins\org.eclipse.justj.openjdk.hotspot.jre.full.win32.x86_64_17.0.10.v20240120-1143\jre\bin\jli.dll
0x00007ffea8b90000 - 0x00007ffea8bab000 	C:\Users\Hp\.p2\pool\plugins\org.eclipse.justj.openjdk.hotspot.jre.full.win32.x86_64_17.0.10.v20240120-1143\jre\bin\VCRUNTIME140.dll
0x00007ffeb40e0000 - 0x00007ffeb428e000 	C:\windows\System32\USER32.dll
0x00007ffeb1ff0000 - 0x00007ffeb2016000 	C:\windows\System32\win32u.dll
0x00007ffe97700000 - 0x00007ffe97993000 	C:\windows\WinSxS\amd64_microsoft.windows.common-controls_6595b64144ccf1df_6.0.22621.3672_none_2713b9d173822955\COMCTL32.dll
0x00007ffeb2d00000 - 0x00007ffeb2d29000 	C:\windows\System32\GDI32.dll
0x00007ffeb2ae0000 - 0x00007ffeb2b87000 	C:\windows\System32\msvcrt.dll
0x00007ffeb2590000 - 0x00007ffeb26a9000 	C:\windows\System32\gdi32full.dll
0x00007ffeb24f0000 - 0x00007ffeb258a000 	C:\windows\System32\msvcp_win.dll
0x00007ffeb3bb0000 - 0x00007ffeb3be1000 	C:\windows\System32\IMM32.DLL
0x00007ffeacde0000 - 0x00007ffeacdec000 	C:\Users\Hp\.p2\pool\plugins\org.eclipse.justj.openjdk.hotspot.jre.full.win32.x86_64_17.0.10.v20240120-1143\jre\bin\vcruntime140_1.dll
0x00007ffe57ea0000 - 0x00007ffe57f2d000 	C:\Users\Hp\.p2\pool\plugins\org.eclipse.justj.openjdk.hotspot.jre.full.win32.x86_64_17.0.10.v20240120-1143\jre\bin\msvcp140.dll
0x00007ffe66da0000 - 0x00007ffe67a02000 	C:\Users\Hp\.p2\pool\plugins\org.eclipse.justj.openjdk.hotspot.jre.full.win32.x86_64_17.0.10.v20240120-1143\jre\bin\server\jvm.dll
0x00007ffeb4400000 - 0x00007ffeb44b2000 	C:\windows\System32\ADVAPI32.dll
0x00007ffeb2d30000 - 0x00007ffeb2dd9000 	C:\windows\System32\sechost.dll
0x00007ffeb1ca0000 - 0x00007ffeb1cc8000 	C:\windows\System32\bcrypt.dll
0x00007ffeb2970000 - 0x00007ffeb2a84000 	C:\windows\System32\RPCRT4.dll
0x00007ffe90bb0000 - 0x00007ffe90bb9000 	C:\windows\SYSTEM32\WSOCK32.dll
0x00007ffeac850000 - 0x00007ffeac884000 	C:\windows\SYSTEM32\WINMM.dll
0x00007ffeb1900000 - 0x00007ffeb194d000 	C:\windows\SYSTEM32\POWRPROF.dll
0x00007ffeb3cd0000 - 0x00007ffeb3d41000 	C:\windows\System32\WS2_32.dll
0x00007ffea8080000 - 0x00007ffea808a000 	C:\windows\SYSTEM32\VERSION.dll
0x00007ffeb18e0000 - 0x00007ffeb18f3000 	C:\windows\SYSTEM32\UMPDC.dll
0x00007ffeb0cd0000 - 0x00007ffeb0ce8000 	C:\windows\SYSTEM32\kernel.appcore.dll
0x00007ffe96bd0000 - 0x00007ffe96bda000 	C:\Users\Hp\.p2\pool\plugins\org.eclipse.justj.openjdk.hotspot.jre.full.win32.x86_64_17.0.10.v20240120-1143\jre\bin\jimage.dll
0x00007ffea72d0000 - 0x00007ffea7502000 	C:\windows\SYSTEM32\DBGHELP.DLL
0x00007ffeb3d50000 - 0x00007ffeb40d8000 	C:\windows\System32\combase.dll
0x00007ffeb3640000 - 0x00007ffeb3717000 	C:\windows\System32\OLEAUT32.dll
0x00007ffe91d20000 - 0x00007ffe91d52000 	C:\windows\SYSTEM32\dbgcore.DLL
0x00007ffeb1f00000 - 0x00007ffeb1f7b000 	C:\windows\System32\bcryptPrimitives.dll
0x00007ffe95de0000 - 0x00007ffe95e05000 	C:\Users\Hp\.p2\pool\plugins\org.eclipse.justj.openjdk.hotspot.jre.full.win32.x86_64_17.0.10.v20240120-1143\jre\bin\java.dll

dbghelp: loaded successfully - version: 4.0.5 - missing functions: none
symbol engine: initialized successfully - sym options: 0x614 - pdb path: .;C:\Users\Hp\.p2\pool\plugins\org.eclipse.justj.openjdk.hotspot.jre.full.win32.x86_64_17.0.10.v20240120-1143\jre\bin;C:\windows\SYSTEM32;C:\windows\WinSxS\amd64_microsoft.windows.common-controls_6595b64144ccf1df_6.0.22621.3672_none_2713b9d173822955;C:\Users\Hp\.p2\pool\plugins\org.eclipse.justj.openjdk.hotspot.jre.full.win32.x86_64_17.0.10.v20240120-1143\jre\bin\server

VM Arguments:
jvm_args: -Dfile.encoding=UTF-8 -Dstdout.encoding=UTF-8 -Dstderr.encoding=UTF-8 -XX:+ShowCodeDetailsInExceptionMessages 
java_command: chatting.application.Server
java_class_path (initial): D:\chatting_application\bin
Launcher Type: SUN_STANDARD

[Global flags]
     intx CICompilerCount                          = 4                                         {product} {ergonomic}
     uint ConcGCThreads                            = 3                                         {product} {ergonomic}
     uint G1ConcRefinementThreads                  = 10                                        {product} {ergonomic}
   size_t G1HeapRegionSize                         = 1048576                                   {product} {ergonomic}
    uintx GCDrainStackTargetSize                   = 64                                        {product} {ergonomic}
   size_t InitialHeapSize                          = 123731968                                 {product} {ergonomic}
   size_t MarkStackSize                            = 4194304                                   {product} {ergonomic}
   size_t MaxHeapSize                              = 1973420032                                {product} {ergonomic}
   size_t MinHeapDeltaBytes                        = 1048576                                   {product} {ergonomic}
   size_t MinHeapSize                              = 8388608                                   {product} {ergonomic}
    uintx NonNMethodCodeHeapSize                   = 5839372                                {pd product} {ergonomic}
    uintx NonProfiledCodeHeapSize                  = 122909434                              {pd product} {ergonomic}
    uintx ProfiledCodeHeapSize                     = 122909434                              {pd product} {ergonomic}
    uintx ReservedCodeCacheSize                    = 251658240                              {pd product} {ergonomic}
     bool SegmentedCodeCache                       = true                                      {product} {ergonomic}
     bool ShowCodeDetailsInExceptionMessages       = true                                   {manageable} {command line}
   size_t SoftMaxHeapSize                          = 1973420032                             {manageable} {ergonomic}
     bool UseCompressedClassPointers               = true                           {product lp64_product} {ergonomic}
     bool UseCompressedOops                        = true                           {product lp64_product} {ergonomic}
     bool UseG1GC                                  = true                                      {product} {ergonomic}
     bool UseLargePagesIndividualAllocation        = false                                  {pd product} {ergonomic}

Logging:
Log output configuration:
 #0: stdout all=warning uptime,level,tags
 #1: stderr all=off uptime,level,tags

Environment Variables:
PATH=C:/Users/Hp/.p2/pool/plugins/org.eclipse.justj.openjdk.hotspot.jre.full.win32.x86_64_17.0.10.v20240120-1143/jre/bin/server;C:/Users/Hp/.p2/pool/plugins/org.eclipse.justj.openjdk.hotspot.jre.full.win32.x86_64_17.0.10.v20240120-1143/jre/bin;C:\Program Files\Common Files\Oracle\Java\javapath;C:\Program Files (x86)\Common Files\Oracle\Java\javapath;C:\Program Files (x86)\Common Files\Intel\Shared Files\cpp\bin\Intel64;C:\windows\system32;C:\windows;C:\windows\System32\Wbem;C:\windows\System32\WindowsPowerShell\v1.0\;C:\windows\System32\OpenSSH\;C:\Program Files (x86)\Universal Extractor;C:\Program Files (x86)\Universal Extractor\bin;D:\Universal Extractor;D:\Universal Extractor\bin;C:\MinGW\bin;C:\Program Files\Git\cmd;C:\ProgramData\chocolatey\bin;C:\Program Files\nodejs\;C:\Users\Hp\anaconda3;C:\Users\Hp\anaconda3\Library\mingw-w64\bin;C:\Users\Hp\anaconda3\Library\usr\bin;C:\Users\Hp\anaconda3\Library\bin;C:\Users\Hp\anaconda3\Scripts;C:\Users\Hp\AppData\Local\Microsoft\WindowsApps;C:\MinGW\bin;C:\Users\Hp\AppData\Local\Programs\Microsoft VS Code\bin;C:\Users\Hp\AppData\Local\Programs\Hyper\resources\bin;C:\Users\Hp\AppData\Roaming\npm;C:\Users\Hp\OneDrive\Desktop;
USERNAME=Hp
OS=Windows_NT
PROCESSOR_IDENTIFIER=AMD64 Family 25 Model 80 Stepping 0, AuthenticAMD
TMP=C:\Users\Hp\AppData\Local\Temp
TEMP=C:\Users\Hp\AppData\Local\Temp



Periodic native trim disabled


---------------  S Y S T E M  ---------------

OS:
 Windows 11 , 64 bit Build 22621 (10.0.22621.3672)
OS uptime: 0 days 0:51 hours
Hyper-V role detected

CPU: total 12 (initial active 12) (12 cores per cpu, 2 threads per core) family 25 model 80 stepping 0 microcode 0x0, cx8, cmov, fxsr, ht, mmx, 3dnowpref, sse, sse2, sse3, ssse3, sse4a, sse4.1, sse4.2, popcnt, lzcnt, tsc, tscinvbit, avx, avx2, aes, erms, clmul, bmi1, bmi2, adx, sha, fma, vzeroupper, clflush, clflushopt, hv
Processor Information for all 12 processors :
  Max Mhz: 2301, Current Mhz: 2301, Mhz Limit: 2301

Memory: 4k page, system-wide physical 7520M (289M free)
TotalPageFile size 31072M (AvailPageFile size 48M)
current process WorkingSet (physical memory assigned to process): 11M, peak: 11M
current process commit charge ("private bytes"): 64M, peak: 182M

vm_info: OpenJDK 64-Bit Server VM (17.0.10+7) for windows-amd64 JRE (17.0.10+7), built on Jan 16 2024 23:25:11 by "admin" with MS VC++ 16.10 / 16.11 (VS2019)

END.
